app/build/outputs/logs/manifest-merger-debug-report.txt
-- Merging decision tree log ---
manifest
ADDED from src\main\AndroidManifest.xml:2:1-192:12
	package
		ADDED from src\main\AndroidManifest.xml:3:5-36
		INJECTED from src\main\AndroidManifest.xml
		INJECTED from src\main\AndroidManifest.xml
	android:versionName
		INJECTED from src\main\AndroidManifest.xml
		INJECTED from src\main\AndroidManifest.xml
	xmlns:android
		ADDED from src\main\AndroidManifest.xml:2:11-69
	android:versionCode
		INJECTED from src\main\AndroidManifest.xml
		INJECTED from src\main\AndroidManifest.xml
uses-permission#android.permission.INTERNET
ADDED from src\main\AndroidManifest.xml:5:5-66
	android:name
		ADDED from src\main\AndroidManifest.xml:5:22-64
uses-permission#android.permission.WRITE_EXTERNAL_STORAGE
ADDED from src\main\AndroidManifest.xml:6:5-80
	android:name
		ADDED from src\main\AndroidManifest.xml:6:22-78
application
ADDED from src\main\AndroidManifest.xml:9:5-190:19
MERGED from [com.android.support:appcompat-v7:26.0.0-alpha1] AndroidManifest.xml:29:5-20
MERGED from [com.android.support:animated-vector-drawable:26.0.0-alpha1] AndroidManifest.xml:26:5-20
MERGED from [com.android.support:support-vector-drawable:26.0.0-alpha1] AndroidManifest.xml:26:5-20
MERGED from [com.android.support.constraint:constraint-layout:1.0.2] AndroidManifest.xml:9:5-20
MERGED from [RCIrrigation:library:unspecified] AndroidManifest.xml:11:5-20
MERGED from [com.android.support:support-v4:26.0.0-alpha1] AndroidManifest.xml:29:5-20
MERGED from [com.android.support:support-media-compat:26.0.0-alpha1] AndroidManifest.xml:29:5-20
MERGED from [com.android.support:support-fragment:26.0.0-alpha1] AndroidManifest.xml:29:5-20
MERGED from [com.android.support:support-core-ui:26.0.0-alpha1] AndroidManifest.xml:29:5-20
MERGED from [com.android.support:support-core-utils:26.0.0-alpha1] AndroidManifest.xml:29:5-20
MERGED from [com.android.support:support-compat:26.0.0-alpha1] AndroidManifest.xml:29:5-20
	android:label
		ADDED from src\main\AndroidManifest.xml:13:9-41
	android:supportsRtl
		ADDED from src\main\AndroidManifest.xml:14:9-35
	android:allowBackup
		ADDED from src\main\AndroidManifest.xml:11:9-35
	android:icon
		ADDED from src\main\AndroidManifest.xml:12:9-42
	android:theme
		ADDED from src\main\AndroidManifest.xml:15:9-56
	android:name
		ADDED from src\main\AndroidManifest.xml:10:9-52
activity#com.xsyj.rcirrigation.activity.LoginActivity
ADDED from src\main\AndroidManifest.xml:16:9-22:20
	android:name
		ADDED from src\main\AndroidManifest.xml:16:19-57
intent-filter#android.intent.action.MAIN+android.intent.category.LAUNCHER
ADDED from src\main\AndroidManifest.xml:17:13-21:29
action#android.intent.action.MAIN
ADDED from src\main\AndroidManifest.xml:18:17-69
	android:name
		ADDED from src\main\AndroidManifest.xml:18:25-66
category#android.intent.category.LAUNCHER
ADDED from src\main\AndroidManifest.xml:20:17-77
	android:name
		ADDED from src\main\AndroidManifest.xml:20:27-74
activity#com.xsyj.rcirrigation.activity.MainActivity
ADDED from src\main\AndroidManifest.xml:23:9-28:15
	android:launchMode
		ADDED from src\main\AndroidManifest.xml:26:13-44
	android:windowSoftInputMode
		ADDED from src\main\AndroidManifest.xml:27:13-52
	android:configChanges
		ADDED from src\main\AndroidManifest.xml:25:13-74
	android:name
		ADDED from src\main\AndroidManifest.xml:24:13-50
activity#com.xsyj.rcirrigation.activity.dam.DamMonitorActivity
ADDED from src\main\AndroidManifest.xml:29:9-34:15
	android:launchMode
		ADDED from src\main\AndroidManifest.xml:32:13-44
	android:windowSoftInputMode
		ADDED from src\main\AndroidManifest.xml:33:13-52
	android:configChanges
		ADDED from src\main\AndroidManifest.xml:31:13-74
	android:name
		ADDED from src\main\AndroidManifest.xml:30:13-60
activity#com.xsyj.rcirrigation.activity.pumpStation.PumpStationActivity
ADDED from src\main\AndroidManifest.xml:35:9-40:15
	android:launchMode
		ADDED from src\main\AndroidManifest.xml:38:13-44
	android:windowSoftInputMode
		ADDED from src\main\AndroidManifest.xml:39:13-52
	android:configChanges
		ADDED from src\main\AndroidManifest.xml:37:13-74
	android:name
		ADDED from src\main\AndroidManifest.xml:36:13-69
activity#com.xsyj.rcirrigation.activity.pumpStation.PumpStationDetailActivity
ADDED from src\main\AndroidManifest.xml:41:9-46:15
	android:launchMode
		ADDED from src\main\AndroidManifest.xml:44:13-44
	android:windowSoftInputMode
		ADDED from src\main\AndroidManifest.xml:45:13-52
	android:configChanges
		ADDED from src\main\AndroidManifest.xml:43:13-74
	android:name
		ADDED from src\main\AndroidManifest.xml:42:13-75
activity#com.xsyj.rcirrigation.activity.pumpStation.PumpStationChartsActivity
ADDED from src\main\AndroidManifest.xml:47:9-52:15
	android:launchMode
		ADDED from src\main\AndroidManifest.xml:50:13-44
	android:windowSoftInputMode
		ADDED from src\main\AndroidManifest.xml:51:13-52
	android:configChanges
		ADDED from src\main\AndroidManifest.xml:49:13-74
	android:name
		ADDED from src\main\AndroidManifest.xml:48:13-75
activity#com.xsyj.rcirrigation.activity.waterStatistic.WaterStatisticActivity
ADDED from src\main\AndroidManifest.xml:53:9-59:15
	android:launchMode
		ADDED from src\main\AndroidManifest.xml:56:13-44
	android:windowSoftInputMode
		ADDED from src\main\AndroidManifest.xml:57:13-52
	android:configChanges
		ADDED from src\main\AndroidManifest.xml:55:13-74
	android:theme
		ADDED from src\main\AndroidManifest.xml:58:13-56
	android:name
		ADDED from src\main\AndroidManifest.xml:54:13-75
activity#com.xsyj.rcirrigation.activity.userCenter.UserCenterActivity
ADDED from src\main\AndroidManifest.xml:60:9-65:15
	android:launchMode
		ADDED from src\main\AndroidManifest.xml:63:13-44
	android:windowSoftInputMode
		ADDED from src\main\AndroidManifest.xml:64:13-52
	android:configChanges
		ADDED from src\main\AndroidManifest.xml:62:13-74
	android:name
		ADDED from src\main\AndroidManifest.xml:61:13-67
activity#com.xsyj.rcirrigation.activity.waterStatistic.WaterStatisticPumpDetailActivity
ADDED from src\main\AndroidManifest.xml:66:9-71:15
	android:launchMode
		ADDED from src\main\AndroidManifest.xml:69:13-44
	android:windowSoftInputMode
		ADDED from src\main\AndroidManifest.xml:70:13-52
	android:configChanges
		ADDED from src\main\AndroidManifest.xml:68:13-74
	android:name
		ADDED from src\main\AndroidManifest.xml:67:13-85
activity#com.xsyj.rcirrigation.activity.waterStatistic.WaterStatisticPumpDetailChartsActivity
ADDED from src\main\AndroidManifest.xml:72:9-77:15
	android:launchMode
		ADDED from src\main\AndroidManifest.xml:75:13-44
	android:windowSoftInputMode
		ADDED from src\main\AndroidManifest.xml:76:13-52
	android:configChanges
		ADDED from src\main\AndroidManifest.xml:74:13-74
	android:name
		ADDED from src\main\AndroidManifest.xml:73:13-91
activity#com.xsyj.rcirrigation.activity.waterStatistic.WaterStatisticPumpChartsActivity
ADDED from src\main\AndroidManifest.xml:78:9-83:15
	android:launchMode
		ADDED from src\main\AndroidManifest.xml:81:13-44
	android:windowSoftInputMode
		ADDED from src\main\AndroidManifest.xml:82:13-52
	android:configChanges
		ADDED from src\main\AndroidManifest.xml:80:13-74
	android:name
		ADDED from src\main\AndroidManifest.xml:79:13-85
activity#com.xsyj.rcirrigation.activity.basicInfo.BasicInformationActivity
ADDED from src\main\AndroidManifest.xml:84:9-89:15
	android:launchMode
		ADDED from src\main\AndroidManifest.xml:87:13-44
	android:windowSoftInputMode
		ADDED from src\main\AndroidManifest.xml:88:13-52
	android:configChanges
		ADDED from src\main\AndroidManifest.xml:86:13-74
	android:name
		ADDED from src\main\AndroidManifest.xml:85:13-72
activity#com.xsyj.rcirrigation.activity.basicInfo.PumpStationInfoActivity
ADDED from src\main\AndroidManifest.xml:90:9-95:15
	android:launchMode
		ADDED from src\main\AndroidManifest.xml:93:13-44
	android:windowSoftInputMode
		ADDED from src\main\AndroidManifest.xml:94:13-52
	android:configChanges
		ADDED from src\main\AndroidManifest.xml:92:13-74
	android:name
		ADDED from src\main\AndroidManifest.xml:91:13-71
activity#com.xsyj.rcirrigation.activity.basicInfo.PumpStationInfoDetailActivity
ADDED from src\main\AndroidManifest.xml:96:9-101:15
	android:launchMode
		ADDED from src\main\AndroidManifest.xml:99:13-44
	android:windowSoftInputMode
		ADDED from src\main\AndroidManifest.xml:100:13-52
	android:configChanges
		ADDED from src\main\AndroidManifest.xml:98:13-74
	android:name
		ADDED from src\main\AndroidManifest.xml:97:13-77
activity#com.xsyj.rcirrigation.activity.pipeline.PipelineActivity
ADDED from src\main\AndroidManifest.xml:102:9-107:15
	android:launchMode
		ADDED from src\main\AndroidManifest.xml:105:13-44
	android:windowSoftInputMode
		ADDED from src\main\AndroidManifest.xml:106:13-52
	android:configChanges
		ADDED from src\main\AndroidManifest.xml:104:13-74
	android:name
		ADDED from src\main\AndroidManifest.xml:103:13-63
activity#com.xsyj.rcirrigation.activity.pipeline.PipelineDetailActivity
ADDED from src\main\AndroidManifest.xml:108:9-113:15
	android:launchMode
		ADDED from src\main\AndroidManifest.xml:111:13-44
	android:windowSoftInputMode
		ADDED from src\main\AndroidManifest.xml:112:13-52
	android:configChanges
		ADDED from src\main\AndroidManifest.xml:110:13-74
	android:name
		ADDED from src\main\AndroidManifest.xml:109:13-69
activity#com.xsyj.rcirrigation.activity.pipeline.PipelineDetailChartsActivity
ADDED from src\main\AndroidManifest.xml:114:9-119:15
	android:launchMode
		ADDED from src\main\AndroidManifest.xml:117:13-44
	android:windowSoftInputMode
		ADDED from src\main\AndroidManifest.xml:118:13-52
	android:configChanges
		ADDED from src\main\AndroidManifest.xml:116:13-74
	android:name
		ADDED from src\main\AndroidManifest.xml:115:13-75
activity#com.xsyj.rcirrigation.activity.basicInfo.PipelineInfoActivity
ADDED from src\main\AndroidManifest.xml:120:9-125:15
	android:launchMode
		ADDED from src\main\AndroidManifest.xml:123:13-44
	android:windowSoftInputMode
		ADDED from src\main\AndroidManifest.xml:124:13-52
	android:configChanges
		ADDED from src\main\AndroidManifest.xml:122:13-74
	android:name
		ADDED from src\main\AndroidManifest.xml:121:13-68
activity#com.xsyj.rcirrigation.activity.waterStatistic.WaterStatisticPipeDetailActivity
ADDED from src\main\AndroidManifest.xml:126:9-131:15
	android:launchMode
		ADDED from src\main\AndroidManifest.xml:129:13-44
	android:windowSoftInputMode
		ADDED from src\main\AndroidManifest.xml:130:13-52
	android:configChanges
		ADDED from src\main\AndroidManifest.xml:128:13-74
	android:name
		ADDED from src\main\AndroidManifest.xml:127:13-85
activity#com.xsyj.rcirrigation.activity.waterStatistic.WaterStatisticPipeDetailChartsActivity
ADDED from src\main\AndroidManifest.xml:132:9-137:15
	android:launchMode
		ADDED from src\main\AndroidManifest.xml:135:13-44
	android:windowSoftInputMode
		ADDED from src\main\AndroidManifest.xml:136:13-52
	android:configChanges
		ADDED from src\main\AndroidManifest.xml:134:13-74
	android:name
		ADDED from src\main\AndroidManifest.xml:133:13-91
activity#com.xsyj.rcirrigation.activity.basicInfo.PipelineInfoDetailActivity
ADDED from src\main\AndroidManifest.xml:138:9-143:15
	android:launchMode
		ADDED from src\main\AndroidManifest.xml:141:13-44
	android:windowSoftInputMode
		ADDED from src\main\AndroidManifest.xml:142:13-52
	android:configChanges
		ADDED from src\main\AndroidManifest.xml:140:13-74
	android:name
		ADDED from src\main\AndroidManifest.xml:139:13-74
activity#com.xsyj.rcirrigation.activity.basicInfo.DamInfoActivity
ADDED from src\main\AndroidManifest.xml:145:9-150:15
	android:launchMode
		ADDED from src\main\AndroidManifest.xml:148:13-44
	android:windowSoftInputMode
		ADDED from src\main\AndroidManifest.xml:149:13-52
	android:configChanges
		ADDED from src\main\AndroidManifest.xml:147:13-74
	android:name
		ADDED from src\main\AndroidManifest.xml:146:13-63
activity#com.xsyj.rcirrigation.activity.basicInfo.PumpwellInfoActivity
ADDED from src\main\AndroidManifest.xml:151:9-156:15
	android:launchMode
		ADDED from src\main\AndroidManifest.xml:154:13-44
	android:windowSoftInputMode
		ADDED from src\main\AndroidManifest.xml:155:13-52
	android:configChanges
		ADDED from src\main\AndroidManifest.xml:153:13-74
	android:name
		ADDED from src\main\AndroidManifest.xml:152:13-68
activity#com.xsyj.rcirrigation.activity.basicInfo.PumpwellInfoDetailActivity
ADDED from src\main\AndroidManifest.xml:157:9-162:15
	android:launchMode
		ADDED from src\main\AndroidManifest.xml:160:13-44
	android:windowSoftInputMode
		ADDED from src\main\AndroidManifest.xml:161:13-52
	android:configChanges
		ADDED from src\main\AndroidManifest.xml:159:13-74
	android:name
		ADDED from src\main\AndroidManifest.xml:158:13-74
activity#com.xsyj.rcirrigation.activity.basicInfo.DamInfoDetailActivity
ADDED from src\main\AndroidManifest.xml:163:9-168:15
	android:launchMode
		ADDED from src\main\AndroidManifest.xml:166:13-44
	android:windowSoftInputMode
		ADDED from src\main\AndroidManifest.xml:167:13-52
	android:configChanges
		ADDED from src\main\AndroidManifest.xml:165:13-74
	android:name
		ADDED from src\main\AndroidManifest.xml:164:13-69
activity#com.xsyj.rcirrigation.activity.dam.DamMonitorDetailActivity
ADDED from src\main\AndroidManifest.xml:169:9-174:15
	android:launchMode
		ADDED from src\main\AndroidManifest.xml:172:13-44
	android:windowSoftInputMode
		ADDED from src\main\AndroidManifest.xml:173:13-52
	android:configChanges
		ADDED from src\main\AndroidManifest.xml:171:13-74
	android:name
		ADDED from src\main\AndroidManifest.xml:170:13-66
activity#com.xsyj.rcirrigation.activity.dam.DamDetailChartsActivity
ADDED from src\main\AndroidManifest.xml:175:9-180:15
	android:launchMode
		ADDED from src\main\AndroidManifest.xml:178:13-44
	android:windowSoftInputMode
		ADDED from src\main\AndroidManifest.xml:179:13-52
	android:configChanges
		ADDED from src\main\AndroidManifest.xml:177:13-74
	android:name
		ADDED from src\main\AndroidManifest.xml:176:13-65
activity#com.xsyj.rcirrigation.activity.waterStatistic.WaterStatisticDamDetailActivity
ADDED from src\main\AndroidManifest.xml:181:9-186:15
	android:launchMode
		ADDED from src\main\AndroidManifest.xml:184:13-44
	android:windowSoftInputMode
		ADDED from src\main\AndroidManifest.xml:185:13-52
	android:configChanges
		ADDED from src\main\AndroidManifest.xml:183:13-74
	android:name
		ADDED from src\main\AndroidManifest.xml:182:13-84
service#com.xsyj.rcirrigation.utils.UpdateService
ADDED from src\main\AndroidManifest.xml:188:9-56
	android:name
		ADDED from src\main\AndroidManifest.xml:188:18-53
receiver#com.xsyj.rcirrigation.utils.UpdateService$NotificationClickReceiver
ADDED from src\main\AndroidManifest.xml:189:9-83
	android:name
		ADDED from src\main\AndroidManifest.xml:189:19-80
uses-sdk
INJECTED from src\main\AndroidManifest.xml reason: use-sdk injection requested
MERGED from [io.realm:realm-android-library:2.0.2] AndroidManifest.xml:5:5-7:41
MERGED from [com.getkeepsafe.relinker:relinker:1.2.2] AndroidManifest.xml:7:5-43
MERGED from [com.android.support:appcompat-v7:26.0.0-alpha1] AndroidManifest.xml:21:5-23:78
MERGED from [com.android.support:animated-vector-drawable:26.0.0-alpha1] AndroidManifest.xml:20:5-44
MERGED from [com.android.support:support-vector-drawable:26.0.0-alpha1] AndroidManifest.xml:20:5-44
MERGED from [com.android.support.constraint:constraint-layout:1.0.2] AndroidManifest.xml:5:5-7:41
MERGED from [RCIrrigation:library:unspecified] AndroidManifest.xml:7:5-9:41
MERGED from [com.android.support:support-v4:26.0.0-alpha1] AndroidManifest.xml:21:5-23:54
MERGED from [com.android.support:support-media-compat:26.0.0-alpha1] AndroidManifest.xml:21:5-23:63
MERGED from [com.android.support:support-fragment:26.0.0-alpha1] AndroidManifest.xml:21:5-23:60
MERGED from [com.android.support:support-core-ui:26.0.0-alpha1] AndroidManifest.xml:21:5-23:58
MERGED from [com.android.support:support-core-utils:26.0.0-alpha1] AndroidManifest.xml:21:5-23:61
MERGED from [RCIrrigation:MPChartLib:unspecified] AndroidManifest.xml:17:5-19:41
MERGED from [com.github.PhilJay:MPAndroidChart-Realm:v2.0.2] AndroidManifest.xml:12:5-14:41
MERGED from [com.jakewharton:butterknife:8.8.1] AndroidManifest.xml:5:5-43
MERGED from [com.android.support:support-compat:26.0.0-alpha1] AndroidManifest.xml:21:5-23:58
	tools:overrideLibrary
		ADDED from [com.android.support:appcompat-v7:26.0.0-alpha1] AndroidManifest.xml:23:9-75
	android:targetSdkVersion
		INJECTED from src\main\AndroidManifest.xml
		INJECTED from src\main\AndroidManifest.xml
	android:minSdkVersion
		INJECTED from src\main\AndroidManifest.xml
		INJECTED from src\main\AndroidManifest.xml
meta-data#android.support.VERSION
ADDED from [com.android.support:appcompat-v7:26.0.0-alpha1] AndroidManifest.xml:25:5-27:41
MERGED from [com.android.support:animated-vector-drawable:26.0.0-alpha1] AndroidManifest.xml:22:5-24:41
MERGED from [com.android.support:support-vector-drawable:26.0.0-alpha1] AndroidManifest.xml:22:5-24:41
MERGED from [com.android.support:support-v4:26.0.0-alpha1] AndroidManifest.xml:25:5-27:41
MERGED from [com.android.support:support-media-compat:26.0.0-alpha1] AndroidManifest.xml:25:5-27:41
MERGED from [com.android.support:support-fragment:26.0.0-alpha1] AndroidManifest.xml:25:5-27:41
MERGED from [com.android.support:support-core-ui:26.0.0-alpha1] AndroidManifest.xml:25:5-27:41
MERGED from [com.android.support:support-core-utils:26.0.0-alpha1] AndroidManifest.xml:25:5-27:41
MERGED from [com.android.support:support-compat:26.0.0-alpha1] AndroidManifest.xml:25:5-27:41
	android:value
		ADDED from [com.android.support:appcompat-v7:26.0.0-alpha1] AndroidManifest.xml:27:9-38
	android:name
		ADDED from [com.android.support:appcompat-v7:26.0.0-alpha1] AndroidManifest.xml:26:9-47